<?xml version="1.0" encoding="UTF-8"?>
<!-- Generated by org.testng.reporters.JUnitReportReporter -->
<testsuite hostname="LAPTOP-MBIVH0AI" failures="0" tests="1" name="spicetag.testcases.EmployeeManagTest" time="8.588" errors="0" timestamp="02 Nov 2020 11:28:41 GMT" skipped="0">
  <testcase classname="spicetag.testcases.EmployeeManagTest" name="ClickOnEmp" time="8.588"/>
</testsuite> <!-- spicetag.testcases.EmployeeManagTest -->
