<?xml version="1.0" encoding="UTF-8"?>
<!-- Generated by org.testng.reporters.JUnitReportReporter -->
<testsuite hostname="LAPTOP-MBIVH0AI" failures="0" tests="1" name="spicetag.testcases.HomePageTest" time="33.118" errors="0" timestamp="28 Oct 2020 12:12:44 GMT" skipped="0">
  <testcase classname="spicetag.testcases.HomePageTest" name="ClickOnConfigg" time="33.118"/>
</testsuite> <!-- spicetag.testcases.HomePageTest -->
