<?xml version="1.0" encoding="UTF-8"?>
<!-- Generated by org.testng.reporters.JUnitReportReporter -->
<testsuite hostname="LAPTOP-MBIVH0AI" failures="0" tests="1" name="spicetag.testcases.EmployeeManagTest" time="9.406" errors="0" timestamp="11 Nov 2020 01:41:55 GMT" skipped="0">
  <testcase classname="spicetag.testcases.EmployeeManagTest" name="ClickOnEmp" time="9.406"/>
</testsuite> <!-- spicetag.testcases.EmployeeManagTest -->
