<?xml version="1.0" encoding="UTF-8"?>
<!-- Generated by org.testng.reporters.JUnitReportReporter -->
<testsuite hostname="LAPTOP-MBIVH0AI" failures="0" tests="3" name="spicetag.testcases.LoginTest" time="41.541" errors="0" timestamp="14 Oct 2020 12:55:38 GMT" skipped="0">
  <testcase classname="spicetag.testcases.LoginTest" name="Imgtest" time="13.149"/>
  <testcase classname="spicetag.testcases.LoginTest" name="logintitletest" time="14.685"/>
  <testcase classname="spicetag.testcases.LoginTest" name="loginTest" time="13.707"/>
</testsuite> <!-- spicetag.testcases.LoginTest -->
